<?xml version="1.0" encoding="UTF-8"?>
<!-- Generated by org.testng.reporters.JUnitXMLReporter -->
<testsuite hostname="VDUDDUKU-L470" ignored="0" name="Surefire test" tests="5" failures="0" timestamp="2020-06-09T17:16:24 IST" time="3.552" errors="0">
  <testcase name="feature" time="2.508" classname="testRunner.TestRunner"/>
  <testcase name="feature" time="0.078" classname="testRunner.TestRunner"/>
  <testcase name="feature" time="0.043" classname="testRunner.TestRunner"/>
  <testcase name="feature" time="0.581" classname="testRunner.TestRunner"/>
  <testcase name="feature" time="0.035" classname="testRunner.TestRunner"/>
</testsuite> <!-- Surefire test -->
