<?xml version="1.0" encoding="UTF-8"?>
<testsuite xmlns:xsi="http://www.w3.org/2001/XMLSchema-instance" xsi:noNamespaceSchemaLocation="https://maven.apache.org/surefire/maven-surefire-plugin/xsd/surefire-test-report.xsd" name="testRunner.TestRunner" time="19.82" tests="5" errors="0" skipped="0" failures="0">
  <properties>
[...]
</properties>
  <testcase name="feature" classname="testRunner.TestRunner" time="2.513"/>
  <testcase name="feature" classname="testRunner.TestRunner" time="0.078"/>
  <testcase name="feature" classname="testRunner.TestRunner" time="0.042"/>
  <testcase name="feature" classname="testRunner.TestRunner" time="0.58"/>
  <testcase name="feature" classname="testRunner.TestRunner" time="0.036"/>
</testsuite>